# JRE version: Java(TM) SE Runtime Environment (8.0_131-b11) (build 1.8.0_131-b11)
# Java VM: Java HotSpot(TM) 64-Bit Server VM (25.131-b11 mixed mode windows-amd64 compressed oops)
Heap:
 PSYoungGen      total 282112K, used 103399K [0x000000076b100000, 0x0000000783a00000, 0x00000007c0000000)
  eden space 221184K, 45% used [0x000000076b100000,0x00000007712b6018,0x0000000778900000)
  from space 60928K, 5% used [0x0000000778900000,0x0000000778c43dd0,0x000000077c480000)
  to   space 61440K, 0% used [0x000000077fe00000,0x000000077fe00000,0x0000000783a00000)
 ParOldGen       total 350720K, used 94760K [0x00000006c1200000, 0x00000006d6880000, 0x000000076b100000)
  object space 350720K, 27% used [0x00000006c1200000,0x00000006c6e8a080,0x00000006d6880000)
 Metaspace       used 106228K, capacity 112168K, committed 112344K, reserved 1146880K
  class space    used 13674K, capacity 15064K, committed 15104K, reserved 1048576K
GC Heap History (10 events):
Event: 7047.828 GC heap before
{Heap before GC invocations=23 (full 3):
 PSYoungGen      total 193024K, used 108841K [0x000000076b100000, 0x000000077d500000, 0x00000007c0000000)
  eden space 136192K, 41% used [0x000000076b100000,0x000000076e877660,0x0000000773600000)
  from space 56832K, 91% used [0x0000000773600000,0x00000007768d2e68,0x0000000776d80000)
  to   space 63488K, 0% used [0x0000000779700000,0x0000000779700000,0x000000077d500000)
 ParOldGen       total 246784K, used 117861K [0x00000006c1200000, 0x00000006d0300000, 0x000000076b100000)
  object space 246784K, 47% used [0x00000006c1200000,0x00000006c8519608,0x00000006d0300000)
 Metaspace       used 93437K, capacity 98398K, committed 98496K, reserved 1134592K
  class space    used 12113K, capacity 13342K, committed 13440K, reserved 1048576K
Event: 7047.871 GC heap after
Heap after GC invocations=23 (full 3):
 PSYoungGen      total 235520K, used 38567K [0x000000076b100000, 0x000000077d700000, 0x00000007c0000000)
  eden space 172032K, 0% used [0x000000076b100000,0x000000076b100000,0x0000000775900000)
  from space 63488K, 60% used [0x0000000779700000,0x000000077bca9e98,0x000000077d500000)
  to   space 63488K, 0% used [0x0000000775900000,0x0000000775900000,0x0000000779700000)
 ParOldGen       total 246784K, used 123418K [0x00000006c1200000, 0x00000006d0300000, 0x000000076b100000)
  object space 246784K, 50% used [0x00000006c1200000,0x00000006c8a86b30,0x00000006d0300000)
 Metaspace       used 93437K, capacity 98398K, committed 98496K, reserved 1134592K
  class space    used 12113K, capacity 13342K, committed 13440K, reserved 1048576K
}
Event: 7047.871 GC heap before
{Heap before GC invocations=24 (full 4):
 PSYoungGen      total 235520K, used 38567K [0x000000076b100000, 0x000000077d700000, 0x00000007c0000000)
  eden space 172032K, 0% used [0x000000076b100000,0x000000076b100000,0x0000000775900000)
  from space 63488K, 60% used [0x0000000779700000,0x000000077bca9e98,0x000000077d500000)
  to   space 63488K, 0% used [0x0000000775900000,0x0000000775900000,0x0000000779700000)
 ParOldGen       total 246784K, used 123418K [0x00000006c1200000, 0x00000006d0300000, 0x000000076b100000)
  object space 246784K, 50% used [0x00000006c1200000,0x00000006c8a86b30,0x00000006d0300000)
 Metaspace       used 93437K, capacity 98398K, committed 98496K, reserved 1134592K
  class space    used 12113K, capacity 13342K, committed 13440K, reserved 1048576K
Event: 7048.244 GC heap after
Heap after GC invocations=24 (full 4):
 PSYoungGen      total 235520K, used 0K [0x000000076b100000, 0x000000077d700000, 0x00000007c0000000)
  eden space 172032K, 0% used [0x000000076b100000,0x000000076b100000,0x0000000775900000)
  from space 63488K, 0% used [0x0000000779700000,0x0000000779700000,0x000000077d500000)
  to   space 63488K, 0% used [0x0000000775900000,0x0000000775900000,0x0000000779700000)
 ParOldGen       total 350720K, used 92305K [0x00000006c1200000, 0x00000006d6880000, 0x000000076b100000)
  object space 350720K, 26% used [0x00000006c1200000,0x00000006c6c24500,0x00000006d6880000)
 Metaspace       used 92727K, capacity 97396K, committed 98496K, reserved 1134592K
  class space    used 11979K, capacity 13156K, committed 13440K, reserved 1048576K
}
Event: 7050.478 GC heap before
{Heap before GC invocations=25 (full 4):
 PSYoungGen      total 235520K, used 172032K [0x000000076b100000, 0x000000077d700000, 0x00000007c0000000)
  eden space 172032K, 100% used [0x000000076b100000,0x0000000775900000,0x0000000775900000)
  from space 63488K, 0% used [0x0000000779700000,0x0000000779700000,0x000000077d500000)
  to   space 63488K, 0% used [0x0000000775900000,0x0000000775900000,0x0000000779700000)
 ParOldGen       total 350720K, used 92305K [0x00000006c1200000, 0x00000006d6880000, 0x000000076b100000)
  object space 350720K, 26% used [0x00000006c1200000,0x00000006c6c24500,0x00000006d6880000)
 Metaspace       used 102120K, capacity 107638K, committed 107992K, reserved 1142784K
  class space    used 13150K, capacity 14481K, committed 14592K, reserved 1048576K
Event: 7050.493 GC heap after
Heap after GC invocations=25 (full 4):
 PSYoungGen      total 235520K, used 13488K [0x000000076b100000, 0x0000000780380000, 0x00000007c0000000)
  eden space 172032K, 0% used [0x000000076b100000,0x000000076b100000,0x0000000775900000)
  from space 63488K, 21% used [0x0000000775900000,0x000000077662c358,0x0000000779700000)
  to   space 62976K, 0% used [0x000000077c600000,0x000000077c600000,0x0000000780380000)
 ParOldGen       total 350720K, used 92313K [0x00000006c1200000, 0x00000006d6880000, 0x000000076b100000)
  object space 350720K, 26% used [0x00000006c1200000,0x00000006c6c26500,0x00000006d6880000)
 Metaspace       used 102120K, capacity 107638K, committed 107992K, reserved 1142784K
  class space    used 13150K, capacity 14481K, committed 14592K, reserved 1048576K
}
Event: 7051.514 GC heap before
{Heap before GC invocations=26 (full 4):
 PSYoungGen      total 235520K, used 185520K [0x000000076b100000, 0x0000000780380000, 0x00000007c0000000)
  eden space 172032K, 100% used [0x000000076b100000,0x0000000775900000,0x0000000775900000)
  from space 63488K, 21% used [0x0000000775900000,0x000000077662c358,0x0000000779700000)
  to   space 62976K, 0% used [0x000000077c600000,0x000000077c600000,0x0000000780380000)
 ParOldGen       total 350720K, used 92313K [0x00000006c1200000, 0x00000006d6880000, 0x000000076b100000)
  object space 350720K, 26% used [0x00000006c1200000,0x00000006c6c26500,0x00000006d6880000)
 Metaspace       used 103122K, capacity 108704K, committed 108760K, reserved 1142784K
  class space    used 13233K, capacity 14570K, committed 14592K, reserved 1048576K
Event: 7051.539 GC heap after
Heap after GC invocations=26 (full 4):
 PSYoungGen      total 280576K, used 21019K [0x000000076b100000, 0x0000000780000000, 0x00000007c0000000)
  eden space 221184K, 0% used [0x000000076b100000,0x000000076b100000,0x0000000778900000)
  from space 59392K, 35% used [0x000000077c600000,0x000000077da86de8,0x0000000780000000)
  to   space 60928K, 0% used [0x0000000778900000,0x0000000778900000,0x000000077c480000)
 ParOldGen       total 350720K, used 92321K [0x00000006c1200000, 0x00000006d6880000, 0x000000076b100000)
  object space 350720K, 26% used [0x00000006c1200000,0x00000006c6c28500,0x00000006d6880000)
 Metaspace       used 103122K, capacity 108704K, committed 108760K, reserved 1142784K
  class space    used 13233K, capacity 14570K, committed 14592K, reserved 1048576K
}
Event: 7053.869 GC heap before
{Heap before GC invocations=27 (full 4):
 PSYoungGen      total 280576K, used 242203K [0x000000076b100000, 0x0000000780000000, 0x00000007c0000000)
  eden space 221184K, 100% used [0x000000076b100000,0x0000000778900000,0x0000000778900000)
  from space 59392K, 35% used [0x000000077c600000,0x000000077da86de8,0x0000000780000000)
  to   space 60928K, 0% used [0x0000000778900000,0x0000000778900000,0x000000077c480000)
 ParOldGen       total 350720K, used 92321K [0x00000006c1200000, 0x00000006d6880000, 0x000000076b100000)
  object space 350720K, 26% used [0x00000006c1200000,0x00000006c6c28500,0x00000006d6880000)
 Metaspace       used 103875K, capacity 109494K, committed 109656K, reserved 1144832K
  class space    used 13310K, capacity 14653K, committed 14720K, reserved 1048576K
Event: 7053.876 GC heap after
Heap after GC invocations=27 (full 4):
 PSYoungGen      total 282112K, used 3343K [0x000000076b100000, 0x0000000783a00000, 0x00000007c0000000)
  eden space 221184K, 0% used [0x000000076b100000,0x000000076b100000,0x0000000778900000)
  from space 60928K, 5% used [0x0000000778900000,0x0000000778c43dd0,0x000000077c480000)
  to   space 61440K, 0% used [0x000000077fe00000,0x000000077fe00000,0x0000000783a00000)
 ParOldGen       total 350720K, used 94760K [0x00000006c1200000, 0x00000006d6880000, 0x000000076b100000)
  object space 350720K, 27% used [0x00000006c1200000,0x00000006c6e8a080,0x00000006d6880000)
 Metaspace       used 103875K, capacity 109494K, committed 109656K, reserved 1144832K
  class space    used 13310K, capacity 14653K, committed 14720K, reserved 1048576K
}

