# JRE version: Java(TM) SE Runtime Environment (8.0_131-b11) (build 1.8.0_131-b11)
# Java VM: Java HotSpot(TM) 64-Bit Server VM (25.131-b11 mixed mode windows-amd64 compressed oops)
Heap:
 PSYoungGen      total 276992K, used 65231K [0x000000076b100000, 0x0000000783200000, 0x00000007c0000000)
  eden space 226816K, 28% used [0x000000076b100000,0x000000076f0b3d28,0x0000000778e80000)
  from space 50176K, 0% used [0x0000000778e80000,0x0000000778e80000,0x000000077bf80000)
  to   space 51712K, 0% used [0x000000077ff80000,0x000000077ff80000,0x0000000783200000)
 ParOldGen       total 399872K, used 102769K [0x00000006c1200000, 0x00000006d9880000, 0x000000076b100000)
  object space 399872K, 25% used [0x00000006c1200000,0x00000006c765c530,0x00000006d9880000)
 Metaspace       used 95527K, capacity 100882K, committed 101068K, reserved 1136640K
  class space    used 12756K, capacity 13998K, committed 14080K, reserved 1048576K
GC Heap History (10 events):
Event: 17.547 GC heap before
{Heap before GC invocations=15 (full 3):
 PSYoungGen      total 191488K, used 187185K [0x000000076b100000, 0x000000077a480000, 0x00000007c0000000)
  eden space 171008K, 100% used [0x000000076b100000,0x0000000775800000,0x0000000775800000)
  from space 20480K, 78% used [0x0000000775800000,0x00000007767cc538,0x0000000776c00000)
  to   space 20992K, 0% used [0x0000000779000000,0x0000000779000000,0x000000077a480000)
 ParOldGen       total 255488K, used 35528K [0x00000006c1200000, 0x00000006d0b80000, 0x000000076b100000)
  object space 255488K, 13% used [0x00000006c1200000,0x00000006c34b2360,0x00000006d0b80000)
 Metaspace       used 71873K, capacity 75818K, committed 75992K, reserved 1114112K
  class space    used 9932K, capacity 10952K, committed 11008K, reserved 1048576K
Event: 17.611 GC heap after
Heap after GC invocations=15 (full 3):
 PSYoungGen      total 220160K, used 20984K [0x000000076b100000, 0x000000077b880000, 0x00000007c0000000)
  eden space 199168K, 0% used [0x000000076b100000,0x000000076b100000,0x0000000777380000)
  from space 20992K, 99% used [0x0000000779000000,0x000000077a47e030,0x000000077a480000)
  to   space 29184K, 0% used [0x0000000777380000,0x0000000777380000,0x0000000779000000)
 ParOldGen       total 255488K, used 50728K [0x00000006c1200000, 0x00000006d0b80000, 0x000000076b100000)
  object space 255488K, 19% used [0x00000006c1200000,0x00000006c438a330,0x00000006d0b80000)
 Metaspace       used 71873K, capacity 75818K, committed 75992K, reserved 1114112K
  class space    used 9932K, capacity 10952K, committed 11008K, reserved 1048576K
}
Event: 263.216 GC heap before
{Heap before GC invocations=16 (full 3):
 PSYoungGen      total 220160K, used 220152K [0x000000076b100000, 0x000000077b880000, 0x00000007c0000000)
  eden space 199168K, 100% used [0x000000076b100000,0x0000000777380000,0x0000000777380000)
  from space 20992K, 99% used [0x0000000779000000,0x000000077a47e030,0x000000077a480000)
  to   space 29184K, 0% used [0x0000000777380000,0x0000000777380000,0x0000000779000000)
 ParOldGen       total 255488K, used 50728K [0x00000006c1200000, 0x00000006d0b80000, 0x000000076b100000)
  object space 255488K, 19% used [0x00000006c1200000,0x00000006c438a330,0x00000006d0b80000)
 Metaspace       used 77543K, capacity 81926K, committed 82136K, reserved 1120256K
  class space    used 10436K, capacity 11518K, committed 11520K, reserved 1048576K
Event: 263.256 GC heap after
Heap after GC invocations=16 (full 3):
 PSYoungGen      total 228352K, used 29168K [0x000000076b100000, 0x000000077e580000, 0x00000007c0000000)
  eden space 199168K, 0% used [0x000000076b100000,0x000000076b100000,0x0000000777380000)
  from space 29184K, 99% used [0x0000000777380000,0x0000000778ffc060,0x0000000779000000)
  to   space 38912K, 0% used [0x000000077bf80000,0x000000077bf80000,0x000000077e580000)
 ParOldGen       total 255488K, used 66825K [0x00000006c1200000, 0x00000006d0b80000, 0x000000076b100000)
  object space 255488K, 26% used [0x00000006c1200000,0x00000006c53424d0,0x00000006d0b80000)
 Metaspace       used 77543K, capacity 81926K, committed 82136K, reserved 1120256K
  class space    used 10436K, capacity 11518K, committed 11520K, reserved 1048576K
}
Event: 266.753 GC heap before
{Heap before GC invocations=17 (full 3):
 PSYoungGen      total 228352K, used 228283K [0x000000076b100000, 0x000000077e580000, 0x00000007c0000000)
  eden space 199168K, 99% used [0x000000076b100000,0x0000000777372c70,0x0000000777380000)
  from space 29184K, 99% used [0x0000000777380000,0x0000000778ffc060,0x0000000779000000)
  to   space 38912K, 0% used [0x000000077bf80000,0x000000077bf80000,0x000000077e580000)
 ParOldGen       total 255488K, used 66825K [0x00000006c1200000, 0x00000006d0b80000, 0x000000076b100000)
  object space 255488K, 26% used [0x00000006c1200000,0x00000006c53424d0,0x00000006d0b80000)
 Metaspace       used 85607K, capacity 90264K, committed 90456K, reserved 1126400K
  class space    used 11405K, capacity 12547K, committed 12672K, reserved 1048576K
Event: 266.797 GC heap after
Heap after GC invocations=17 (full 3):
 PSYoungGen      total 265728K, used 38888K [0x000000076b100000, 0x000000077fc80000, 0x00000007c0000000)
  eden space 226816K, 0% used [0x000000076b100000,0x000000076b100000,0x0000000778e80000)
  from space 38912K, 99% used [0x000000077bf80000,0x000000077e57a2c8,0x000000077e580000)
  to   space 50176K, 0% used [0x0000000778e80000,0x0000000778e80000,0x000000077bf80000)
 ParOldGen       total 255488K, used 81921K [0x00000006c1200000, 0x00000006d0b80000, 0x000000076b100000)
  object space 255488K, 32% used [0x00000006c1200000,0x00000006c62004b8,0x00000006d0b80000)
 Metaspace       used 85607K, capacity 90264K, committed 90456K, reserved 1126400K
  class space    used 11405K, capacity 12547K, committed 12672K, reserved 1048576K
}
Event: 268.010 GC heap before
{Heap before GC invocations=18 (full 3):
 PSYoungGen      total 265728K, used 176571K [0x000000076b100000, 0x000000077fc80000, 0x00000007c0000000)
  eden space 226816K, 60% used [0x000000076b100000,0x0000000773774a28,0x0000000778e80000)
  from space 38912K, 99% used [0x000000077bf80000,0x000000077e57a2c8,0x000000077e580000)
  to   space 50176K, 0% used [0x0000000778e80000,0x0000000778e80000,0x000000077bf80000)
 ParOldGen       total 255488K, used 81921K [0x00000006c1200000, 0x00000006d0b80000, 0x000000076b100000)
  object space 255488K, 32% used [0x00000006c1200000,0x00000006c62004b8,0x00000006d0b80000)
 Metaspace       used 93284K, capacity 98348K, committed 98380K, reserved 1134592K
  class space    used 12444K, capacity 13679K, committed 13696K, reserved 1048576K
Event: 268.067 GC heap after
Heap after GC invocations=18 (full 3):
 PSYoungGen      total 276992K, used 33513K [0x000000076b100000, 0x0000000783200000, 0x00000007c0000000)
  eden space 226816K, 0% used [0x000000076b100000,0x000000076b100000,0x0000000778e80000)
  from space 50176K, 66% used [0x0000000778e80000,0x000000077af3a5c0,0x000000077bf80000)
  to   space 51712K, 0% used [0x000000077ff80000,0x000000077ff80000,0x0000000783200000)
 ParOldGen       total 255488K, used 106281K [0x00000006c1200000, 0x00000006d0b80000, 0x000000076b100000)
  object space 255488K, 41% used [0x00000006c1200000,0x00000006c79ca518,0x00000006d0b80000)
 Metaspace       used 93284K, capacity 98348K, committed 98380K, reserved 1134592K
  class space    used 12444K, capacity 13679K, committed 13696K, reserved 1048576K
}
Event: 268.067 GC heap before
{Heap before GC invocations=19 (full 4):
 PSYoungGen      total 276992K, used 33513K [0x000000076b100000, 0x0000000783200000, 0x00000007c0000000)
  eden space 226816K, 0% used [0x000000076b100000,0x000000076b100000,0x0000000778e80000)
  from space 50176K, 66% used [0x0000000778e80000,0x000000077af3a5c0,0x000000077bf80000)
  to   space 51712K, 0% used [0x000000077ff80000,0x000000077ff80000,0x0000000783200000)
 ParOldGen       total 255488K, used 106281K [0x00000006c1200000, 0x00000006d0b80000, 0x000000076b100000)
  object space 255488K, 41% used [0x00000006c1200000,0x00000006c79ca518,0x00000006d0b80000)
 Metaspace       used 93284K, capacity 98348K, committed 98380K, reserved 1134592K
  class space    used 12444K, capacity 13679K, committed 13696K, reserved 1048576K
Event: 268.343 GC heap after
Heap after GC invocations=19 (full 4):
 PSYoungGen      total 276992K, used 0K [0x000000076b100000, 0x0000000783200000, 0x00000007c0000000)
  eden space 226816K, 0% used [0x000000076b100000,0x000000076b100000,0x0000000778e80000)
  from space 50176K, 0% used [0x0000000778e80000,0x0000000778e80000,0x000000077bf80000)
  to   space 51712K, 0% used [0x000000077ff80000,0x000000077ff80000,0x0000000783200000)
 ParOldGen       total 399872K, used 102769K [0x00000006c1200000, 0x00000006d9880000, 0x000000076b100000)
  object space 399872K, 25% used [0x00000006c1200000,0x00000006c765c530,0x00000006d9880000)
 Metaspace       used 92926K, capacity 97798K, committed 98380K, reserved 1134592K
  class space    used 12362K, capacity 13564K, committed 13696K, reserved 1048576K
}

