# JRE version: Java(TM) SE Runtime Environment (8.0_131-b11) (build 1.8.0_131-b11)
# Java VM: Java HotSpot(TM) 64-Bit Server VM (25.131-b11 mixed mode windows-amd64 compressed oops)
Heap:
 PSYoungGen      total 408064K, used 316665K [0x0000000780000000, 0x00000007a4480000, 0x00000007c0000000)
  eden space 279040K, 81% used [0x0000000780000000,0x000000078df2e620,0x0000000791080000)
  from space 129024K, 68% used [0x0000000791080000,0x000000079668fea8,0x0000000798e80000)
  to   space 135168K, 0% used [0x000000079c080000,0x000000079c080000,0x00000007a4480000)
 ParOldGen       total 523264K, used 263594K [0x0000000700000000, 0x000000071ff00000, 0x0000000780000000)
  object space 523264K, 50% used [0x0000000700000000,0x000000071016a908,0x000000071ff00000)
 Metaspace       used 112437K, capacity 118960K, committed 119128K, reserved 1153024K
  class space    used 14817K, capacity 16210K, committed 16216K, reserved 1048576K
GC Heap History (10 events):
Event: 61.136 GC heap before
{Heap before GC invocations=21 (full 4):
 PSYoungGen      total 308224K, used 63456K [0x0000000780000000, 0x000000079c180000, 0x00000007c0000000)
  eden space 244736K, 0% used [0x0000000780000000,0x0000000780000000,0x000000078ef00000)
  from space 63488K, 99% used [0x000000078ef00000,0x0000000792cf8200,0x0000000792d00000)
  to   space 92160K, 0% used [0x0000000796780000,0x0000000796780000,0x000000079c180000)
 ParOldGen       total 261632K, used 146790K [0x0000000700000000, 0x000000070ff80000, 0x0000000780000000)
  object space 261632K, 56% used [0x0000000700000000,0x0000000708f59838,0x000000070ff80000)
 Metaspace       used 93286K, capacity 98396K, committed 98496K, reserved 1134592K
  class space    used 12472K, capacity 13622K, committed 13656K, reserved 1048576K
Event: 61.829 GC heap after
Heap after GC invocations=21 (full 4):
 PSYoungGen      total 308224K, used 0K [0x0000000780000000, 0x000000079c180000, 0x00000007c0000000)
  eden space 244736K, 0% used [0x0000000780000000,0x0000000780000000,0x000000078ef00000)
  from space 63488K, 0% used [0x000000078ef00000,0x000000078ef00000,0x0000000792d00000)
  to   space 92160K, 0% used [0x0000000796780000,0x0000000796780000,0x000000079c180000)
 ParOldGen       total 523264K, used 179704K [0x0000000700000000, 0x000000071ff00000, 0x0000000780000000)
  object space 523264K, 34% used [0x0000000700000000,0x000000070af7e1d0,0x000000071ff00000)
 Metaspace       used 93250K, capacity 98294K, committed 98496K, reserved 1134592K
  class space    used 12461K, capacity 13603K, committed 13656K, reserved 1048576K
}
Event: 63.252 GC heap before
{Heap before GC invocations=22 (full 4):
 PSYoungGen      total 308224K, used 244736K [0x0000000780000000, 0x000000079c180000, 0x00000007c0000000)
  eden space 244736K, 100% used [0x0000000780000000,0x000000078ef00000,0x000000078ef00000)
  from space 63488K, 0% used [0x000000078ef00000,0x000000078ef00000,0x0000000792d00000)
  to   space 92160K, 0% used [0x0000000796780000,0x0000000796780000,0x000000079c180000)
 ParOldGen       total 523264K, used 179704K [0x0000000700000000, 0x000000071ff00000, 0x0000000780000000)
  object space 523264K, 34% used [0x0000000700000000,0x000000070af7e1d0,0x000000071ff00000)
 Metaspace       used 97778K, capacity 102876K, committed 103000K, reserved 1138688K
  class space    used 13010K, capacity 14164K, committed 14168K, reserved 1048576K
Event: 63.298 GC heap after
Heap after GC invocations=22 (full 4):
 PSYoungGen      total 364544K, used 59935K [0x0000000780000000, 0x000000079ce80000, 0x00000007c0000000)
  eden space 272384K, 0% used [0x0000000780000000,0x0000000780000000,0x0000000790a00000)
  from space 92160K, 65% used [0x0000000796780000,0x000000079a207d40,0x000000079c180000)
  to   space 95744K, 0% used [0x0000000790a00000,0x0000000790a00000,0x0000000796780000)
 ParOldGen       total 523264K, used 179712K [0x0000000700000000, 0x000000071ff00000, 0x0000000780000000)
  object space 523264K, 34% used [0x0000000700000000,0x000000070af801d0,0x000000071ff00000)
 Metaspace       used 97778K, capacity 102876K, committed 103000K, reserved 1138688K
  class space    used 13010K, capacity 14164K, committed 14168K, reserved 1048576K
}
Event: 76.581 GC heap before
{Heap before GC invocations=23 (full 4):
 PSYoungGen      total 364544K, used 332319K [0x0000000780000000, 0x000000079ce80000, 0x00000007c0000000)
  eden space 272384K, 100% used [0x0000000780000000,0x0000000790a00000,0x0000000790a00000)
  from space 92160K, 65% used [0x0000000796780000,0x000000079a207d40,0x000000079c180000)
  to   space 95744K, 0% used [0x0000000790a00000,0x0000000790a00000,0x0000000796780000)
 ParOldGen       total 523264K, used 179712K [0x0000000700000000, 0x000000071ff00000, 0x0000000780000000)
  object space 523264K, 34% used [0x0000000700000000,0x000000070af801d0,0x000000071ff00000)
 Metaspace       used 100125K, capacity 105204K, committed 105560K, reserved 1140736K
  class space    used 13196K, capacity 14352K, committed 14424K, reserved 1048576K
Event: 76.621 GC heap after
Heap after GC invocations=23 (full 4):
 PSYoungGen      total 368128K, used 64668K [0x0000000780000000, 0x000000079f000000, 0x00000007c0000000)
  eden space 272384K, 0% used [0x0000000780000000,0x0000000780000000,0x0000000790a00000)
  from space 95744K, 67% used [0x0000000790a00000,0x0000000794927270,0x0000000796780000)
  to   space 99840K, 0% used [0x0000000798e80000,0x0000000798e80000,0x000000079f000000)
 ParOldGen       total 523264K, used 179720K [0x0000000700000000, 0x000000071ff00000, 0x0000000780000000)
  object space 523264K, 34% used [0x0000000700000000,0x000000070af821d0,0x000000071ff00000)
 Metaspace       used 100125K, capacity 105204K, committed 105560K, reserved 1140736K
  class space    used 13196K, capacity 14352K, committed 14424K, reserved 1048576K
}
Event: 97.462 GC heap before
{Heap before GC invocations=24 (full 4):
 PSYoungGen      total 368128K, used 337052K [0x0000000780000000, 0x000000079f000000, 0x00000007c0000000)
  eden space 272384K, 100% used [0x0000000780000000,0x0000000790a00000,0x0000000790a00000)
  from space 95744K, 67% used [0x0000000790a00000,0x0000000794927270,0x0000000796780000)
  to   space 99840K, 0% used [0x0000000798e80000,0x0000000798e80000,0x000000079f000000)
 ParOldGen       total 523264K, used 179720K [0x0000000700000000, 0x000000071ff00000, 0x0000000780000000)
  object space 523264K, 34% used [0x0000000700000000,0x000000070af821d0,0x000000071ff00000)
 Metaspace       used 109256K, capacity 114998K, committed 115032K, reserved 1148928K
  class space    used 14408K, capacity 15689K, committed 15704K, reserved 1048576K
Event: 97.585 GC heap after
Heap after GC invocations=24 (full 4):
 PSYoungGen      total 378880K, used 99836K [0x0000000780000000, 0x00000007a2600000, 0x00000007c0000000)
  eden space 279040K, 0% used [0x0000000780000000,0x0000000780000000,0x0000000791080000)
  from space 99840K, 99% used [0x0000000798e80000,0x000000079efff1c0,0x000000079f000000)
  to   space 129024K, 0% used [0x0000000791080000,0x0000000791080000,0x0000000798e80000)
 ParOldGen       total 523264K, used 214901K [0x0000000700000000, 0x000000071ff00000, 0x0000000780000000)
  object space 523264K, 41% used [0x0000000700000000,0x000000070d1dd4f8,0x000000071ff00000)
 Metaspace       used 109256K, capacity 114998K, committed 115032K, reserved 1148928K
  class space    used 14408K, capacity 15689K, committed 15704K, reserved 1048576K
}
Event: 100.053 GC heap before
{Heap before GC invocations=25 (full 4):
 PSYoungGen      total 378880K, used 378876K [0x0000000780000000, 0x00000007a2600000, 0x00000007c0000000)
  eden space 279040K, 100% used [0x0000000780000000,0x0000000791080000,0x0000000791080000)
  from space 99840K, 99% used [0x0000000798e80000,0x000000079efff1c0,0x000000079f000000)
  to   space 129024K, 0% used [0x0000000791080000,0x0000000791080000,0x0000000798e80000)
 ParOldGen       total 523264K, used 214901K [0x0000000700000000, 0x000000071ff00000, 0x0000000780000000)
  object space 523264K, 41% used [0x0000000700000000,0x000000070d1dd4f8,0x000000071ff00000)
 Metaspace       used 109592K, capacity 115352K, committed 115544K, reserved 1148928K
  class space    used 14413K, capacity 15690K, committed 15704K, reserved 1048576K
Event: 100.143 GC heap after
Heap after GC invocations=25 (full 4):
 PSYoungGen      total 408064K, used 88127K [0x0000000780000000, 0x00000007a4480000, 0x00000007c0000000)
  eden space 279040K, 0% used [0x0000000780000000,0x0000000780000000,0x0000000791080000)
  from space 129024K, 68% used [0x0000000791080000,0x000000079668fea8,0x0000000798e80000)
  to   space 135168K, 0% used [0x000000079c080000,0x000000079c080000,0x00000007a4480000)
 ParOldGen       total 523264K, used 263594K [0x0000000700000000, 0x000000071ff00000, 0x0000000780000000)
  object space 523264K, 50% used [0x0000000700000000,0x000000071016a908,0x000000071ff00000)
 Metaspace       used 109592K, capacity 115352K, committed 115544K, reserved 1148928K
  class space    used 14413K, capacity 15690K, committed 15704K, reserved 1048576K
}

